[2025-09-28 11:14:49] local.ERROR: Database file at path [E:\laravel\dialearn\database\database.sqlite] does not exist. Ensure this is an absolute path to the database. (Connection: sqlite, SQL: select name, type, not "notnull" as "nullable", dflt_value as "default", pk as "primary", hidden as "extra" from pragma_table_xinfo('stages', 'main') order by cid asc) {"exception":"[object] (Illuminate\\Database\\QueryException(code: 0): Database file at path [E:\\laravel\\dialearn\\database\\database.sqlite] does not exist. Ensure this is an absolute path to the database. (Connection: sqlite, SQL: select name, type, not \"notnull\" as \"nullable\", dflt_value as \"default\", pk as \"primary\", hidden as \"extra\" from pragma_table_xinfo('stages', 'main') order by cid asc) at /var/www/dialearn/vendor/laravel/framework/src/Illuminate/Database/Connection.php:824)
[stacktrace]
#0 /var/www/dialearn/vendor/laravel/framework/src/Illuminate/Database/Connection.php(778): Illuminate\\Database\\Connection->runQueryCallback()
#1 /var/www/dialearn/vendor/laravel/framework/src/Illuminate/Database/Connection.php(397): Illuminate\\Database\\Connection->run()
#2 /var/www/dialearn/vendor/laravel/framework/src/Illuminate/Database/Connection.php(384): Illuminate\\Database\\Connection->select()
#3 /var/www/dialearn/vendor/laravel/framework/src/Illuminate/Database/Schema/SQLiteBuilder.php(87): Illuminate\\Database\\Connection->selectFromWriteConnection()
#4 /var/www/dialearn/vendor/laravel/wayfinder/src/BindingResolver.php(23): Illuminate\\Database\\Schema\\SQLiteBuilder->getColumns()
#5 /var/www/dialearn/vendor/laravel/wayfinder/src/Parameter.php(38): Laravel\\Wayfinder\\BindingResolver::resolveTypeAndKey()
#6 /var/www/dialearn/vendor/laravel/wayfinder/src/Parameter.php(23): Laravel\\Wayfinder\\Parameter->resolveTypes()
#7 /var/www/dialearn/vendor/laravel/wayfinder/src/Route.php(78): Laravel\\Wayfinder\\Parameter->__construct()
#8 [internal function]: Laravel\\Wayfinder\\Route->Laravel\\Wayfinder\\{closure}()
#9 /var/www/dialearn/vendor/laravel/framework/src/Illuminate/Collections/Arr.php(776): array_map()
#10 /var/www/dialearn/vendor/laravel/framework/src/Illuminate/Collections/Collection.php(811): Illuminate\\Support\\Arr::map()
#11 /var/www/dialearn/vendor/laravel/wayfinder/src/Route.php(78): Illuminate\\Support\\Collection->map()
#12 /var/www/dialearn/vendor/laravel/wayfinder/src/GenerateCommand.php(238): Laravel\\Wayfinder\\Route->parameters()
#13 /var/www/dialearn/vendor/symfony/polyfill-php84/Php84.php(93): Laravel\\Wayfinder\\GenerateCommand->Laravel\\Wayfinder\\{closure}()
#14 /var/www/dialearn/vendor/symfony/polyfill-php84/bootstrap.php(37): Symfony\\Polyfill\\Php84\\Php84::array_any()
#15 /var/www/dialearn/vendor/laravel/framework/src/Illuminate/Collections/Collection.php(187): array_any()
#16 /var/www/dialearn/vendor/laravel/wayfinder/src/GenerateCommand.php(238): Illuminate\\Support\\Collection->contains()
#17 /var/www/dialearn/vendor/laravel/wayfinder/src/GenerateCommand.php(144): Laravel\\Wayfinder\\GenerateCommand->appendCommonImports()
#18 /var/www/dialearn/vendor/laravel/framework/src/Illuminate/Collections/Traits/EnumeratesValues.php(271): Laravel\\Wayfinder\\GenerateCommand->writeControllerFile()
#19 /var/www/dialearn/vendor/laravel/wayfinder/src/GenerateCommand.php(80): Illuminate\\Support\\Collection->each()
#20 /var/www/dialearn/vendor/laravel/framework/src/Illuminate/Container/BoundMethod.php(36): Laravel\\Wayfinder\\GenerateCommand->handle()
#21 /var/www/dialearn/vendor/laravel/framework/src/Illuminate/Container/Util.php(43): Illuminate\\Container\\BoundMethod::Illuminate\\Container\\{closure}()
#22 /var/www/dialearn/vendor/laravel/framework/src/Illuminate/Container/BoundMethod.php(96): Illuminate\\Container\\Util::unwrapIfClosure()
#23 /var/www/dialearn/vendor/laravel/framework/src/Illuminate/Container/BoundMethod.php(35): Illuminate\\Container\\BoundMethod::callBoundMethod()
#24 /var/www/dialearn/vendor/laravel/framework/src/Illuminate/Container/Container.php(836): Illuminate\\Container\\BoundMethod::call()
#25 /var/www/dialearn/vendor/laravel/framework/src/Illuminate/Console/Command.php(211): Illuminate\\Container\\Container->call()
#26 /var/www/dialearn/vendor/symfony/console/Command/Command.php(318): Illuminate\\Console\\Command->execute()
#27 /var/www/dialearn/vendor/laravel/framework/src/Illuminate/Console/Command.php(180): Symfony\\Component\\Console\\Command\\Command->run()
#28 /var/www/dialearn/vendor/symfony/console/Application.php(1110): Illuminate\\Console\\Command->run()
#29 /var/www/dialearn/vendor/symfony/console/Application.php(359): Symfony\\Component\\Console\\Application->doRunCommand()
#30 /var/www/dialearn/vendor/symfony/console/Application.php(194): Symfony\\Component\\Console\\Application->doRun()
#31 /var/www/dialearn/vendor/laravel/framework/src/Illuminate/Foundation/Console/Kernel.php(197): Symfony\\Component\\Console\\Application->run()
#32 /var/www/dialearn/vendor/laravel/framework/src/Illuminate/Foundation/Application.php(1235): Illuminate\\Foundation\\Console\\Kernel->handle()
#33 /var/www/dialearn/artisan(16): Illuminate\\Foundation\\Application->handleCommand()
#34 {main}

[previous exception] [object] (Illuminate\\Database\\SQLiteDatabaseDoesNotExistException(code: 0): Database file at path [E:\\laravel\\dialearn\\database\\database.sqlite] does not exist. Ensure this is an absolute path to the database. at /var/www/dialearn/vendor/laravel/framework/src/Illuminate/Database/Connectors/SQLiteConnector.php:59)
[stacktrace]
#0 /var/www/dialearn/vendor/laravel/framework/src/Illuminate/Database/Connectors/SQLiteConnector.php(19): Illuminate\\Database\\Connectors\\SQLiteConnector->parseDatabasePath()
#1 /var/www/dialearn/vendor/laravel/framework/src/Illuminate/Database/Connectors/ConnectionFactory.php(223): Illuminate\\Database\\Connectors\\SQLiteConnector->connect()
#2 [internal function]: Illuminate\\Database\\Connectors\\ConnectionFactory->Illuminate\\Database\\Connectors\\{closure}()
#3 /var/www/dialearn/vendor/laravel/framework/src/Illuminate/Database/Connection.php(1230): call_user_func()
#4 /var/www/dialearn/vendor/laravel/framework/src/Illuminate/Database/Connection.php(511): Illuminate\\Database\\Connection->getPdo()
#5 /var/www/dialearn/vendor/laravel/framework/src/Illuminate/Database/Connection.php(406): Illuminate\\Database\\Connection->getPdoForSelect()
#6 /var/www/dialearn/vendor/laravel/framework/src/Illuminate/Database/Connection.php(811): Illuminate\\Database\\Connection->Illuminate\\Database\\{closure}()
#7 /var/www/dialearn/vendor/laravel/framework/src/Illuminate/Database/Connection.php(778): Illuminate\\Database\\Connection->runQueryCallback()
#8 /var/www/dialearn/vendor/laravel/framework/src/Illuminate/Database/Connection.php(397): Illuminate\\Database\\Connection->run()
#9 /var/www/dialearn/vendor/laravel/framework/src/Illuminate/Database/Connection.php(384): Illuminate\\Database\\Connection->select()
#10 /var/www/dialearn/vendor/laravel/framework/src/Illuminate/Database/Schema/SQLiteBuilder.php(87): Illuminate\\Database\\Connection->selectFromWriteConnection()
#11 /var/www/dialearn/vendor/laravel/wayfinder/src/BindingResolver.php(23): Illuminate\\Database\\Schema\\SQLiteBuilder->getColumns()
#12 /var/www/dialearn/vendor/laravel/wayfinder/src/Parameter.php(38): Laravel\\Wayfinder\\BindingResolver::resolveTypeAndKey()
#13 /var/www/dialearn/vendor/laravel/wayfinder/src/Parameter.php(23): Laravel\\Wayfinder\\Parameter->resolveTypes()
#14 /var/www/dialearn/vendor/laravel/wayfinder/src/Route.php(78): Laravel\\Wayfinder\\Parameter->__construct()
#15 [internal function]: Laravel\\Wayfinder\\Route->Laravel\\Wayfinder\\{closure}()
#16 /var/www/dialearn/vendor/laravel/framework/src/Illuminate/Collections/Arr.php(776): array_map()
#17 /var/www/dialearn/vendor/laravel/framework/src/Illuminate/Collections/Collection.php(811): Illuminate\\Support\\Arr::map()
#18 /var/www/dialearn/vendor/laravel/wayfinder/src/Route.php(78): Illuminate\\Support\\Collection->map()
#19 /var/www/dialearn/vendor/laravel/wayfinder/src/GenerateCommand.php(238): Laravel\\Wayfinder\\Route->parameters()
#20 /var/www/dialearn/vendor/symfony/polyfill-php84/Php84.php(93): Laravel\\Wayfinder\\GenerateCommand->Laravel\\Wayfinder\\{closure}()
#21 /var/www/dialearn/vendor/symfony/polyfill-php84/bootstrap.php(37): Symfony\\Polyfill\\Php84\\Php84::array_any()
#22 /var/www/dialearn/vendor/laravel/framework/src/Illuminate/Collections/Collection.php(187): array_any()
#23 /var/www/dialearn/vendor/laravel/wayfinder/src/GenerateCommand.php(238): Illuminate\\Support\\Collection->contains()
#24 /var/www/dialearn/vendor/laravel/wayfinder/src/GenerateCommand.php(144): Laravel\\Wayfinder\\GenerateCommand->appendCommonImports()
#25 /var/www/dialearn/vendor/laravel/framework/src/Illuminate/Collections/Traits/EnumeratesValues.php(271): Laravel\\Wayfinder\\GenerateCommand->writeControllerFile()
#26 /var/www/dialearn/vendor/laravel/wayfinder/src/GenerateCommand.php(80): Illuminate\\Support\\Collection->each()
#27 /var/www/dialearn/vendor/laravel/framework/src/Illuminate/Container/BoundMethod.php(36): Laravel\\Wayfinder\\GenerateCommand->handle()
#28 /var/www/dialearn/vendor/laravel/framework/src/Illuminate/Container/Util.php(43): Illuminate\\Container\\BoundMethod::Illuminate\\Container\\{closure}()
#29 /var/www/dialearn/vendor/laravel/framework/src/Illuminate/Container/BoundMethod.php(96): Illuminate\\Container\\Util::unwrapIfClosure()
#30 /var/www/dialearn/vendor/laravel/framework/src/Illuminate/Container/BoundMethod.php(35): Illuminate\\Container\\BoundMethod::callBoundMethod()
#31 /var/www/dialearn/vendor/laravel/framework/src/Illuminate/Container/Container.php(836): Illuminate\\Container\\BoundMethod::call()
#32 /var/www/dialearn/vendor/laravel/framework/src/Illuminate/Console/Command.php(211): Illuminate\\Container\\Container->call()
#33 /var/www/dialearn/vendor/symfony/console/Command/Command.php(318): Illuminate\\Console\\Command->execute()
#34 /var/www/dialearn/vendor/laravel/framework/src/Illuminate/Console/Command.php(180): Symfony\\Component\\Console\\Command\\Command->run()
#35 /var/www/dialearn/vendor/symfony/console/Application.php(1110): Illuminate\\Console\\Command->run()
#36 /var/www/dialearn/vendor/symfony/console/Application.php(359): Symfony\\Component\\Console\\Application->doRunCommand()
#37 /var/www/dialearn/vendor/symfony/console/Application.php(194): Symfony\\Component\\Console\\Application->doRun()
#38 /var/www/dialearn/vendor/laravel/framework/src/Illuminate/Foundation/Console/Kernel.php(197): Symfony\\Component\\Console\\Application->run()
#39 /var/www/dialearn/vendor/laravel/framework/src/Illuminate/Foundation/Application.php(1235): Illuminate\\Foundation\\Console\\Kernel->handle()
#40 /var/www/dialearn/artisan(16): Illuminate\\Foundation\\Application->handleCommand()
#41 {main}
"} 
[2025-09-28 11:15:47] local.ERROR: Database file at path [E:\laravel\dialearn\database\database.sqlite] does not exist. Ensure this is an absolute path to the database. (Connection: sqlite, SQL: select name, type, not "notnull" as "nullable", dflt_value as "default", pk as "primary", hidden as "extra" from pragma_table_xinfo('stages', 'main') order by cid asc) {"exception":"[object] (Illuminate\\Database\\QueryException(code: 0): Database file at path [E:\\laravel\\dialearn\\database\\database.sqlite] does not exist. Ensure this is an absolute path to the database. (Connection: sqlite, SQL: select name, type, not \"notnull\" as \"nullable\", dflt_value as \"default\", pk as \"primary\", hidden as \"extra\" from pragma_table_xinfo('stages', 'main') order by cid asc) at /var/www/dialearn/vendor/laravel/framework/src/Illuminate/Database/Connection.php:824)
[stacktrace]
#0 /var/www/dialearn/vendor/laravel/framework/src/Illuminate/Database/Connection.php(778): Illuminate\\Database\\Connection->runQueryCallback()
#1 /var/www/dialearn/vendor/laravel/framework/src/Illuminate/Database/Connection.php(397): Illuminate\\Database\\Connection->run()
#2 /var/www/dialearn/vendor/laravel/framework/src/Illuminate/Database/Connection.php(384): Illuminate\\Database\\Connection->select()
#3 /var/www/dialearn/vendor/laravel/framework/src/Illuminate/Database/Schema/SQLiteBuilder.php(87): Illuminate\\Database\\Connection->selectFromWriteConnection()
#4 /var/www/dialearn/vendor/laravel/wayfinder/src/BindingResolver.php(23): Illuminate\\Database\\Schema\\SQLiteBuilder->getColumns()
#5 /var/www/dialearn/vendor/laravel/wayfinder/src/Parameter.php(38): Laravel\\Wayfinder\\BindingResolver::resolveTypeAndKey()
#6 /var/www/dialearn/vendor/laravel/wayfinder/src/Parameter.php(23): Laravel\\Wayfinder\\Parameter->resolveTypes()
#7 /var/www/dialearn/vendor/laravel/wayfinder/src/Route.php(78): Laravel\\Wayfinder\\Parameter->__construct()
#8 [internal function]: Laravel\\Wayfinder\\Route->Laravel\\Wayfinder\\{closure}()
#9 /var/www/dialearn/vendor/laravel/framework/src/Illuminate/Collections/Arr.php(776): array_map()
#10 /var/www/dialearn/vendor/laravel/framework/src/Illuminate/Collections/Collection.php(811): Illuminate\\Support\\Arr::map()
#11 /var/www/dialearn/vendor/laravel/wayfinder/src/Route.php(78): Illuminate\\Support\\Collection->map()
#12 /var/www/dialearn/vendor/laravel/wayfinder/src/GenerateCommand.php(238): Laravel\\Wayfinder\\Route->parameters()
#13 /var/www/dialearn/vendor/symfony/polyfill-php84/Php84.php(93): Laravel\\Wayfinder\\GenerateCommand->Laravel\\Wayfinder\\{closure}()
#14 /var/www/dialearn/vendor/symfony/polyfill-php84/bootstrap.php(37): Symfony\\Polyfill\\Php84\\Php84::array_any()
#15 /var/www/dialearn/vendor/laravel/framework/src/Illuminate/Collections/Collection.php(187): array_any()
#16 /var/www/dialearn/vendor/laravel/wayfinder/src/GenerateCommand.php(238): Illuminate\\Support\\Collection->contains()
#17 /var/www/dialearn/vendor/laravel/wayfinder/src/GenerateCommand.php(144): Laravel\\Wayfinder\\GenerateCommand->appendCommonImports()
#18 /var/www/dialearn/vendor/laravel/framework/src/Illuminate/Collections/Traits/EnumeratesValues.php(271): Laravel\\Wayfinder\\GenerateCommand->writeControllerFile()
#19 /var/www/dialearn/vendor/laravel/wayfinder/src/GenerateCommand.php(80): Illuminate\\Support\\Collection->each()
#20 /var/www/dialearn/vendor/laravel/framework/src/Illuminate/Container/BoundMethod.php(36): Laravel\\Wayfinder\\GenerateCommand->handle()
#21 /var/www/dialearn/vendor/laravel/framework/src/Illuminate/Container/Util.php(43): Illuminate\\Container\\BoundMethod::Illuminate\\Container\\{closure}()
#22 /var/www/dialearn/vendor/laravel/framework/src/Illuminate/Container/BoundMethod.php(96): Illuminate\\Container\\Util::unwrapIfClosure()
#23 /var/www/dialearn/vendor/laravel/framework/src/Illuminate/Container/BoundMethod.php(35): Illuminate\\Container\\BoundMethod::callBoundMethod()
#24 /var/www/dialearn/vendor/laravel/framework/src/Illuminate/Container/Container.php(836): Illuminate\\Container\\BoundMethod::call()
#25 /var/www/dialearn/vendor/laravel/framework/src/Illuminate/Console/Command.php(211): Illuminate\\Container\\Container->call()
#26 /var/www/dialearn/vendor/symfony/console/Command/Command.php(318): Illuminate\\Console\\Command->execute()
#27 /var/www/dialearn/vendor/laravel/framework/src/Illuminate/Console/Command.php(180): Symfony\\Component\\Console\\Command\\Command->run()
#28 /var/www/dialearn/vendor/symfony/console/Application.php(1110): Illuminate\\Console\\Command->run()
#29 /var/www/dialearn/vendor/symfony/console/Application.php(359): Symfony\\Component\\Console\\Application->doRunCommand()
#30 /var/www/dialearn/vendor/symfony/console/Application.php(194): Symfony\\Component\\Console\\Application->doRun()
#31 /var/www/dialearn/vendor/laravel/framework/src/Illuminate/Foundation/Console/Kernel.php(197): Symfony\\Component\\Console\\Application->run()
#32 /var/www/dialearn/vendor/laravel/framework/src/Illuminate/Foundation/Application.php(1235): Illuminate\\Foundation\\Console\\Kernel->handle()
#33 /var/www/dialearn/artisan(16): Illuminate\\Foundation\\Application->handleCommand()
#34 {main}

[previous exception] [object] (Illuminate\\Database\\SQLiteDatabaseDoesNotExistException(code: 0): Database file at path [E:\\laravel\\dialearn\\database\\database.sqlite] does not exist. Ensure this is an absolute path to the database. at /var/www/dialearn/vendor/laravel/framework/src/Illuminate/Database/Connectors/SQLiteConnector.php:59)
[stacktrace]
#0 /var/www/dialearn/vendor/laravel/framework/src/Illuminate/Database/Connectors/SQLiteConnector.php(19): Illuminate\\Database\\Connectors\\SQLiteConnector->parseDatabasePath()
#1 /var/www/dialearn/vendor/laravel/framework/src/Illuminate/Database/Connectors/ConnectionFactory.php(223): Illuminate\\Database\\Connectors\\SQLiteConnector->connect()
#2 [internal function]: Illuminate\\Database\\Connectors\\ConnectionFactory->Illuminate\\Database\\Connectors\\{closure}()
#3 /var/www/dialearn/vendor/laravel/framework/src/Illuminate/Database/Connection.php(1230): call_user_func()
#4 /var/www/dialearn/vendor/laravel/framework/src/Illuminate/Database/Connection.php(511): Illuminate\\Database\\Connection->getPdo()
#5 /var/www/dialearn/vendor/laravel/framework/src/Illuminate/Database/Connection.php(406): Illuminate\\Database\\Connection->getPdoForSelect()
#6 /var/www/dialearn/vendor/laravel/framework/src/Illuminate/Database/Connection.php(811): Illuminate\\Database\\Connection->Illuminate\\Database\\{closure}()
#7 /var/www/dialearn/vendor/laravel/framework/src/Illuminate/Database/Connection.php(778): Illuminate\\Database\\Connection->runQueryCallback()
#8 /var/www/dialearn/vendor/laravel/framework/src/Illuminate/Database/Connection.php(397): Illuminate\\Database\\Connection->run()
#9 /var/www/dialearn/vendor/laravel/framework/src/Illuminate/Database/Connection.php(384): Illuminate\\Database\\Connection->select()
#10 /var/www/dialearn/vendor/laravel/framework/src/Illuminate/Database/Schema/SQLiteBuilder.php(87): Illuminate\\Database\\Connection->selectFromWriteConnection()
#11 /var/www/dialearn/vendor/laravel/wayfinder/src/BindingResolver.php(23): Illuminate\\Database\\Schema\\SQLiteBuilder->getColumns()
#12 /var/www/dialearn/vendor/laravel/wayfinder/src/Parameter.php(38): Laravel\\Wayfinder\\BindingResolver::resolveTypeAndKey()
#13 /var/www/dialearn/vendor/laravel/wayfinder/src/Parameter.php(23): Laravel\\Wayfinder\\Parameter->resolveTypes()
#14 /var/www/dialearn/vendor/laravel/wayfinder/src/Route.php(78): Laravel\\Wayfinder\\Parameter->__construct()
#15 [internal function]: Laravel\\Wayfinder\\Route->Laravel\\Wayfinder\\{closure}()
#16 /var/www/dialearn/vendor/laravel/framework/src/Illuminate/Collections/Arr.php(776): array_map()
#17 /var/www/dialearn/vendor/laravel/framework/src/Illuminate/Collections/Collection.php(811): Illuminate\\Support\\Arr::map()
#18 /var/www/dialearn/vendor/laravel/wayfinder/src/Route.php(78): Illuminate\\Support\\Collection->map()
#19 /var/www/dialearn/vendor/laravel/wayfinder/src/GenerateCommand.php(238): Laravel\\Wayfinder\\Route->parameters()
#20 /var/www/dialearn/vendor/symfony/polyfill-php84/Php84.php(93): Laravel\\Wayfinder\\GenerateCommand->Laravel\\Wayfinder\\{closure}()
#21 /var/www/dialearn/vendor/symfony/polyfill-php84/bootstrap.php(37): Symfony\\Polyfill\\Php84\\Php84::array_any()
#22 /var/www/dialearn/vendor/laravel/framework/src/Illuminate/Collections/Collection.php(187): array_any()
#23 /var/www/dialearn/vendor/laravel/wayfinder/src/GenerateCommand.php(238): Illuminate\\Support\\Collection->contains()
#24 /var/www/dialearn/vendor/laravel/wayfinder/src/GenerateCommand.php(144): Laravel\\Wayfinder\\GenerateCommand->appendCommonImports()
#25 /var/www/dialearn/vendor/laravel/framework/src/Illuminate/Collections/Traits/EnumeratesValues.php(271): Laravel\\Wayfinder\\GenerateCommand->writeControllerFile()
#26 /var/www/dialearn/vendor/laravel/wayfinder/src/GenerateCommand.php(80): Illuminate\\Support\\Collection->each()
#27 /var/www/dialearn/vendor/laravel/framework/src/Illuminate/Container/BoundMethod.php(36): Laravel\\Wayfinder\\GenerateCommand->handle()
#28 /var/www/dialearn/vendor/laravel/framework/src/Illuminate/Container/Util.php(43): Illuminate\\Container\\BoundMethod::Illuminate\\Container\\{closure}()
#29 /var/www/dialearn/vendor/laravel/framework/src/Illuminate/Container/BoundMethod.php(96): Illuminate\\Container\\Util::unwrapIfClosure()
#30 /var/www/dialearn/vendor/laravel/framework/src/Illuminate/Container/BoundMethod.php(35): Illuminate\\Container\\BoundMethod::callBoundMethod()
#31 /var/www/dialearn/vendor/laravel/framework/src/Illuminate/Container/Container.php(836): Illuminate\\Container\\BoundMethod::call()
#32 /var/www/dialearn/vendor/laravel/framework/src/Illuminate/Console/Command.php(211): Illuminate\\Container\\Container->call()
#33 /var/www/dialearn/vendor/symfony/console/Command/Command.php(318): Illuminate\\Console\\Command->execute()
#34 /var/www/dialearn/vendor/laravel/framework/src/Illuminate/Console/Command.php(180): Symfony\\Component\\Console\\Command\\Command->run()
#35 /var/www/dialearn/vendor/symfony/console/Application.php(1110): Illuminate\\Console\\Command->run()
#36 /var/www/dialearn/vendor/symfony/console/Application.php(359): Symfony\\Component\\Console\\Application->doRunCommand()
#37 /var/www/dialearn/vendor/symfony/console/Application.php(194): Symfony\\Component\\Console\\Application->doRun()
#38 /var/www/dialearn/vendor/laravel/framework/src/Illuminate/Foundation/Console/Kernel.php(197): Symfony\\Component\\Console\\Application->run()
#39 /var/www/dialearn/vendor/laravel/framework/src/Illuminate/Foundation/Application.php(1235): Illuminate\\Foundation\\Console\\Kernel->handle()
#40 /var/www/dialearn/artisan(16): Illuminate\\Foundation\\Application->handleCommand()
#41 {main}
"} 
